<?xml version="1.0" encoding="UTF-8"?>
<!-- Generated by org.testng.reporters.JUnitXMLReporter -->
<testsuite hostname="Natarajan" name="UI Testing" tests="1" failures="1" timestamp="21 Jun 2016 13:01:52 GMT" time="21.77" errors="0">
  <testcase name="Verify_ForgotPassword" time="3.403" classname="execution.UITesting">
    <failure type="java.lang.AssertionError" message="expected [a] but found [b]">
      <![CDATA[java.lang.AssertionError: expected [a] but found [b]
	at module.HomePageModules.verifyForgotPassowrdlink(HomePageModules.java:138)
	at execution.UITesting.Verify_ForgotPassword(UITesting.java:64)
... Removed 29 stack frames]]>
    </failure>
  </testcase> <!-- Verify_ForgotPassword -->
</testsuite> <!-- UI Testing -->
